Started by user [8mha:AAAAlh+LCAAAAAAAAP9b85aBtbiIQTGjNKU4P08vOT+vOD8nVc83PyU1x6OyILUoJzMv2y+/JJUBAhiZGBgqihhk0NSjKDWzXb3RdlLBUSYGJk8GtpzUvPSSDB8G5tKinBIGIZ+sxLJE/ZzEvHT94JKizLx0a6BxUmjGOUNodHsLgAzOEgYu/dLi1CL9vNKcHACFIKlWvwAAAA==[0manonymous
Building in workspace /Users/vishalparmar/work/project/fujitsu/POL/repo/GHEPOHZN/dagda-vulnerability-scanner-plugin/work/jobs/testDagda/workspace
2019-08-16T15:28:01.742 INFO   DagdaWorker     Jenkins version: 1.625.3
2019-08-16T15:28:01.742 INFO   DagdaWorker     [global] debug: false
2019-08-16T15:28:01.742 INFO   DagdaWorker     [global] enginemode: dagdaengine
2019-08-16T15:28:01.743 INFO   DagdaWorker     [build] engineurl: http://mgt-dagda-server:5000/v1/check/images/staging-image.pohzn.com/
2019-08-16T15:28:01.743 INFO   DagdaWorker     [build] engineuser: test
2019-08-16T15:28:01.743 INFO   DagdaWorker     [build] enginepass: ****
2019-08-16T15:28:01.743 INFO   DagdaWorker     [build] engineverify: false
2019-08-16T15:28:01.743 INFO   DagdaWorker     [build] name: bh-portal:2.662.0-SNAPSHOT
2019-08-16T15:28:01.743 INFO   DagdaWorker     [build] engineRetries: 300
2019-08-16T15:28:01.743 INFO   DagdaWorker     [build] policyBundleId: 
2019-08-16T15:28:01.743 INFO   DagdaWorker     [build] bailOnFail: true
2019-08-16T15:28:01.743 INFO   DagdaWorker     [build] bailOnPluginFail: true
2019-08-16T15:28:01.743 ERROR  DagdaWorker     Cannot find image list file "bh-portal:2.662.0-SNAPSHOT" under /Users/vishalparmar/work/project/fujitsu/POL/repo/GHEPOHZN/dagda-vulnerability-scanner-plugin/work/jobs/testDagda/workspace
2019-08-16T15:28:01.744 ERROR  DagdaWorker     Failed to initialize worker for plugin execution
hudson.AbortException: Cannot find image list file 'bh-portal:2.662.0-SNAPSHOT'. Please ensure that image list file is created prior to Dagda Container Image Scanner step
	at com.dagda.jenkins.plugins.dagda.BuildWorker.checkConfig(BuildWorker.java:1064)
	at com.dagda.jenkins.plugins.dagda.BuildWorker.<init>(BuildWorker.java:155)
	at com.dagda.jenkins.plugins.dagda.DagdaBuilder.perform(DagdaBuilder.java:341)
	at hudson.tasks.BuildStepCompatibilityLayer.perform(BuildStepCompatibilityLayer.java:75)
	at hudson.tasks.BuildStepMonitor$1.perform(BuildStepMonitor.java:20)
	at hudson.model.AbstractBuild$AbstractBuildExecution.perform(AbstractBuild.java:785)
	at hudson.model.Build$BuildExecution.build(Build.java:205)
	at hudson.model.Build$BuildExecution.doRun(Build.java:162)
	at hudson.model.AbstractBuild$AbstractBuildExecution.run(AbstractBuild.java:537)
	at hudson.model.Run.execute(Run.java:1741)
	at hudson.model.FreeStyleBuild.run(FreeStyleBuild.java:43)
	at hudson.model.ResourceController.execute(ResourceController.java:98)
	at hudson.model.Executor.run(Executor.java:408)
2019-08-16T15:28:01.744 ERROR  DagdaPlugin     Failing Dagda Container Image Scanner Plugin step due to errors in plugin execution
hudson.AbortException: Failed to initialize worker for plugin execution, check logs for corrective action
	at com.dagda.jenkins.plugins.dagda.BuildWorker.<init>(BuildWorker.java:174)
	at com.dagda.jenkins.plugins.dagda.DagdaBuilder.perform(DagdaBuilder.java:341)
	at hudson.tasks.BuildStepCompatibilityLayer.perform(BuildStepCompatibilityLayer.java:75)
	at hudson.tasks.BuildStepMonitor$1.perform(BuildStepMonitor.java:20)
	at hudson.model.AbstractBuild$AbstractBuildExecution.perform(AbstractBuild.java:785)
	at hudson.model.Build$BuildExecution.build(Build.java:205)
	at hudson.model.Build$BuildExecution.doRun(Build.java:162)
	at hudson.model.AbstractBuild$AbstractBuildExecution.run(AbstractBuild.java:537)
	at hudson.model.Run.execute(Run.java:1741)
	at hudson.model.FreeStyleBuild.run(FreeStyleBuild.java:43)
	at hudson.model.ResourceController.execute(ResourceController.java:98)
	at hudson.model.Executor.run(Executor.java:408)
2019-08-16T15:28:01.745 INFO   DagdaPlugin     Completed Dagda Container Image Scanner step
ERROR: Failed to initialize worker for plugin execution, check logs for corrective action
[8mha:AAAAWB+LCAAAAAAAAP9b85aBtbiIQSmjNKU4P08vOT+vOD8nVc8DzHWtSE4tKMnMz/PLL0ldFVf2c+b/lb5MDAwVRQxSaBqcITRIIQMEMIIUFgAAckCEiWAAAAA=[0mFinished: FAILURE
